<?xml version="1.0" encoding="UTF-8"?>
<!-- Generated by org.testng.reporters.JUnitXMLReporter -->
<testsuite ignored="0" hostname="LAPTOP-OGIRURU6" failures="1" tests="4" name="Test" time="7.773" errors="0" timestamp="20 Jul 2021 04:45:49 GMT">
  <testcase classname="june2021.qaautomation.APITest" name="test" time="0.062"/>
  <testcase classname="june2021.qaautomation.APITest" name="testConfigurationAPI" time="1.962">
    <failure type="java.lang.AssertionError" message="expected [USD] but found [INR]">
      <![CDATA[java.lang.AssertionError: expected [USD] but found [INR]
at june2021.qaautomation.APITest.testConfigurationAPI(APITest.java:24)
at java.base/java.util.concurrent.ThreadPoolExecutor.runWorker(ThreadPoolExecutor.java:1130)
at java.base/java.util.concurrent.ThreadPoolExecutor$Worker.run(ThreadPoolExecutor.java:630)
at java.base/java.lang.Thread.run(Thread.java:832)
... Removed 15 stack frames]]>
    </failure>
  </testcase> <!-- testConfigurationAPI -->
  <testcase classname="june2021.qaautomation.APITest" name="testDashboardAPI" time="4.1"/>
  <testcase classname="june2021.qaautomation.APITest" name="testInvalidCredentials" time="1.601"/>
</testsuite> <!-- Test -->
