<?xml version="1.0" encoding="UTF-8"?>
<!-- Generated by org.testng.reporters.JUnitXMLReporter -->
<testsuite ignored="0" hostname="LAPTOP-OGIRURU6" failures="1" tests="4" name="Test" time="7.145" errors="0" timestamp="11 Aug 2021 05:34:13 GMT">
  <testcase classname="june2021.qaautomation.APITest" name="test" time="0.054"/>
  <testcase classname="june2021.qaautomation.APITest" name="testConfigurationAPI" time="2.169">
    <failure type="java.lang.AssertionError" message="expected [USD] but found [INR]">
      <![CDATA[java.lang.AssertionError: expected [USD] but found [INR]
at june2021.qaautomation.APITest.testConfigurationAPI(APITest.java:24)
at java.base/java.util.concurrent.ThreadPoolExecutor.runWorker(ThreadPoolExecutor.java:1130)
at java.base/java.util.concurrent.ThreadPoolExecutor$Worker.run(ThreadPoolExecutor.java:630)
at java.base/java.lang.Thread.run(Thread.java:832)
... Removed 16 stack frames]]>
    </failure>
  </testcase> <!-- testConfigurationAPI -->
  <testcase classname="june2021.qaautomation.APITest" name="testDashboardAPI" time="3.263"/>
  <testcase classname="june2021.qaautomation.APITest" name="testInvalidCredentials" time="1.613"/>
</testsuite> <!-- Test -->
