<?xml version="1.0" encoding="UTF-8"?>
<!-- Generated by org.testng.reporters.JUnitReportReporter -->
<testsuite hostname="LAPTOP-OGIRURU6" failures="1" tests="4" name="june2021.qaautomation.APITest" time="7.725" errors="0" timestamp="20 Jul 2021 04:45:49 GMT" skipped="0">
  <testcase classname="june2021.qaautomation.APITest" name="testConfigurationAPI" time="1.962">
    <failure message="expected [USD] but found [INR]" type="java.lang.AssertionError">
      <![CDATA[java.lang.AssertionError: expected [USD] but found [INR]
at org.testng.Assert.fail(Assert.java:96)
at org.testng.Assert.failNotEquals(Assert.java:776)
at org.testng.Assert.assertEqualsImpl(Assert.java:137)
at org.testng.Assert.assertEquals(Assert.java:118)
at org.testng.Assert.assertEquals(Assert.java:442)
at june2021.qaautomation.APITest.testConfigurationAPI(APITest.java:24)
at java.base/jdk.internal.reflect.NativeMethodAccessorImpl.invoke0(Native Method)
at java.base/jdk.internal.reflect.NativeMethodAccessorImpl.invoke(NativeMethodAccessorImpl.java:64)
at java.base/jdk.internal.reflect.DelegatingMethodAccessorImpl.invoke(DelegatingMethodAccessorImpl.java:43)
at java.base/java.lang.reflect.Method.invoke(Method.java:564)
at org.testng.internal.MethodInvocationHelper.invokeMethod(MethodInvocationHelper.java:124)
at org.testng.internal.Invoker.invokeMethod(Invoker.java:583)
at org.testng.internal.Invoker.invokeTestMethod(Invoker.java:719)
at org.testng.internal.Invoker.invokeTestMethods(Invoker.java:989)
at org.testng.internal.TestMethodWorker.invokeTestMethods(TestMethodWorker.java:125)
at org.testng.internal.TestMethodWorker.run(TestMethodWorker.java:109)
at java.base/java.util.concurrent.ThreadPoolExecutor.runWorker(ThreadPoolExecutor.java:1130)
at java.base/java.util.concurrent.ThreadPoolExecutor$Worker.run(ThreadPoolExecutor.java:630)
at java.base/java.lang.Thread.run(Thread.java:832)
]]>
    </failure>
  </testcase> <!-- testConfigurationAPI -->
  <testcase classname="june2021.qaautomation.APITest" name="testDashboardAPI" time="4.100"/>
  <testcase classname="june2021.qaautomation.APITest" name="testInvalidCredentials" time="1.601"/>
  <testcase classname="june2021.qaautomation.APITest" name="test" time="0.062"/>
</testsuite> <!-- june2021.qaautomation.APITest -->
